#
# A fatal error has been detected by the Java Runtime Environment:
#
#  SIGSEGV (0xb) at pc=0x00000001293a22d4, pid=13987, tid=0x0000000000000307
#
# JRE version: Java(TM) SE Runtime Environment (8.0_121-b13) (build 1.8.0_121-b13)
# Java VM: Java HotSpot(TM) 64-Bit Server VM (25.121-b13 mixed mode bsd-amd64 compressed oops)
# Problematic frame:
# C  [libglass.dylib+0x52d4]  -[GlassApplication applicationWillHide:]+0xd4
#
# Failed to write core dump. Core dumps have been disabled. To enable core dumping, try "ulimit -c unlimited" before starting Java again
#
# If you would like to submit a bug report, please visit:
#   http://bugreport.java.com/bugreport/crash.jsp
#

---------------  T H R E A D  ---------------

Current thread is native thread

siginfo: si_signo: 11 (SIGSEGV), si_code: 1 (SEGV_MAPERR), si_addr: 0x0000000000000000

Registers:
RAX=0x00007f9abc10d800, RBX=0x0000000000000000, RCX=0x0000000000000008, RDX=0x0000000000000000
RSP=0x00007fff56b99be0, RBP=0x00007fff56b9a010, RSI=0x00007fff8f4c99f4, RDI=0x00007f9abc98b078
R8 =0x00007f9abc10d800, R9 =0x0000000000000000, R10=0x00007fffabf1d2c0, R11=0x00007f9abc10c360
R12=0x00007fffa59dbb40, R13=0x00000001293e6550, R14=0x00007f9abc039c20, R15=0x00007f9abc10d800
RIP=0x00000001293a22d4, EFLAGS=0x0000000000010202, ERR=0x0000000000000004
  TRAPNO=0x000000000000000e

Top of Stack: (sp=0x00007fff56b99be0)
0x00007fff56b99be0:   00000001293a2275 00007fff90d95a6c
0x00007fff56b99bf0:   00007fff90d9596b 00007fff90d956d2
0x00007fff56b99c00:   00007fff90d52d63 00007fff90d51d9c
0x00007fff56b99c10:   00007fff92778a37 00007fff8ece6423
0x00007fff56b99c20:   00007fff8ea3429e 00007fff902e3b15
0x00007fff56b99c30:   00007fff902e2d86 00007fff902f88b4
0x00007fff56b99c40:   00007fff8e8b1d24 00007fff8f02bd6b
0x00007fff56b99c50:   00007fff8e8a5f35 000000012a2df14d
0x00007fff56b99c60:   000000012dbb7ff7 00007fff927e388a
0x00007fff56b99c70:   00007fff90d9f981 00007fff90d80a7d
0x00007fff56b99c80:   00007fff90d7ff76 00007fff90d7f974
0x00007fff56b99c90:   0000000109067465 000000010906318c
0x00007fff56b99ca0:   00000001090694c2 00000001090629e4
0x00007fff56b99cb0:   0000000000000006 0000000115056b58
0x00007fff56b99cc0:   00007fff56b99d88 00007fff56b9a128
0x00007fff56b99cd0:   00007f9a0000000a 0000000115056b58
0x00007fff56b99ce0:   0000000000000000 0000000000000000
0x00007fff56b99cf0:   0000000000000000 0000000000000000
0x00007fff56b99d00:   0000000000000000 0000000000000000
0x00007fff56b99d10:   0000000000000000 0000000000000000
0x00007fff56b99d20:   0000000000000000 0000000000000000
0x00007fff56b99d30:   0000000000000000 0000000000000000
0x00007fff56b99d40:   0000000000000000 0000000000000000
0x00007fff56b99d50:   0000000000000000 0000000000000000
0x00007fff56b99d60:   0000000000000000 0000000000000000
0x00007fff56b99d70:   0000000000000000 0000000000000000
0x00007fff56b99d80:   0000000000000000 0000000000000000
0x00007fff56b99d90:   0000000000000000 0000000000000000
0x00007fff56b99da0:   0000000000000000 0000000000000000
0x00007fff56b99db0:   0000000000000000 0000000000000000
0x00007fff56b99dc0:   0000000000000000 0000000000000000
0x00007fff56b99dd0:   0000000000000000 0000000000000000 

Instructions: (pc=0x00000001293a22d4)
0x00000001293a22b4:   8b 35 16 f3 03 00 4c 8b 25 bf 7e 03 00 41 ff d4
0x00000001293a22c4:   48 8b 35 b5 f2 03 00 48 89 c7 41 ff d4 49 89 c7
0x00000001293a22d4:   48 8b 03 4c 8b a8 e8 01 00 00 48 8b 05 f3 0f 04
0x00000001293a22e4:   00 4d 8b 34 06 48 8b 3d 08 05 04 00 48 8b 35 11 

Register to memory mapping:

RAX=0x00007f9abc10d800 is an unknown value
RBX=0x0000000000000000 is an unknown value
RCX=0x0000000000000008 is an unknown value
RDX=0x0000000000000000 is an unknown value
RSP=0x00007fff56b99be0 is an unknown value
RBP=0x00007fff56b9a010 is an unknown value
RSI=0x00007fff8f4c99f4: __NSStyleNameIndexTable+0x77765 in /System/Library/Frameworks/AppKit.framework/Versions/C/AppKit at 0x00007fff8e86a000
RDI=0x00007f9abc98b078 is an unknown value
R8 =0x00007f9abc10d800 is an unknown value
R9 =0x0000000000000000 is an unknown value
R10=0x00007fffabf1d2c0: OBJC_CLASS_$_NSAutoreleasePool+0 in /System/Library/Frameworks/Foundation.framework/Versions/C/Foundation at 0x00007fff92772000
R11=0x00007f9abc10c360 is an unknown value
R12=0x00007fffa59dbb40: objc_msgSend+0 in /usr/lib/libobjc.A.dylib at 0x00007fffa59d5000
R13=0x00000001293e6550: jEnv+0 in /Library/Java/JavaVirtualMachines/jdk1.8.0_121.jdk/Contents/Home/jre/lib/libglass.dylib at 0x000000012939d000
R14=0x00007f9abc039c20 is an unknown value
R15=0x00007f9abc10d800 is an unknown value


Stack: [0x00007fff5639f000,0x00007fff56b9f000],  sp=0x00007fff56b99be0,  free space=8170k
Native frames: (J=compiled Java code, j=interpreted, Vv=VM code, C=native code)
C  [libglass.dylib+0x52d4]  -[GlassApplication applicationWillHide:]+0xd4
C  [CoreFoundation+0x9da6c]  __CFNOTIFICATIONCENTER_IS_CALLING_OUT_TO_AN_OBSERVER__+0xc
C  [CoreFoundation+0x9d96b]  _CFXRegistrationPost+0x1ab
C  [CoreFoundation+0x9d6d2]  ___CFXNotificationPost_block_invoke+0x32
C  [CoreFoundation+0x5ad63]  -[_CFXNotificationRegistrar find:object:observer:enumerator:]+0x723
C  [CoreFoundation+0x59d9c]  _CFXNotificationPost+0x25c
C  [Foundation+0x6a37]  -[NSNotificationCenter postNotificationName:object:userInfo:]+0x42
C  [AppKit+0x47c423]  -[NSApplication _doHideMaybeFakingIt:]+0x104
C  [AppKit+0x1ca29e]  _hideShowHandler+0x93
C  [HIToolbox+0x8b15]  DispatchEventToHandlers(EventTargetRec*, OpaqueEventRef*, HandlerCallRec*)+0x6ac
C  [HIToolbox+0x7d86]  SendEventToEventTargetInternal(OpaqueEventRef*, OpaqueEventTargetRef*, HandlerCallRec*)+0x1ac
C  [HIToolbox+0x1d8b4]  SendEventToEventTarget+0x28
C  [AppKit+0x47d24]  _DPSNextEvent+0xbd0
C  [AppKit+0x7c1d6b]  -[NSApplication(NSEvent) _nextEventMatchingEventMask:untilDate:inMode:dequeue:]+0xae5
C  [AppKit+0x3bf35]  -[NSApplication run]+0x39e
C  [libosxapp.dylib+0x214d]  +[NSApplicationAWT runAWTLoopWithApp:]+0x9c
C  [libawt_lwawt.dylib+0x45ff7]  -[AWTStarter starter:]+0x389
C  [Foundation+0x7188a]  __NSThreadPerformPerform+0x146
C  [CoreFoundation+0xa7981]  __CFRUNLOOP_IS_CALLING_OUT_TO_A_SOURCE0_PERFORM_FUNCTION__+0x11
C  [CoreFoundation+0x88a7d]  __CFRunLoopDoSources0+0x22d
C  [CoreFoundation+0x87f76]  __CFRunLoopRun+0x3a6
C  [CoreFoundation+0x87974]  CFRunLoopRunSpecific+0x1a4
C  [java+0x6465]  CreateExecutionEnvironment+0x367
C  [java+0x218c]  JLI_Launch+0x7a0
C  [java+0x84c2]  main+0x65
C  [java+0x19e4]  start+0x34


---------------  P R O C E S S  ---------------

VM state:not at safepoint (normal execution)

VM Mutex/Monitor currently owned by a thread: None

Heap:
 PSYoungGen      total 76288K, used 57315K [0x000000076ab00000, 0x0000000770000000, 0x00000007c0000000)
  eden space 65536K, 87% used [0x000000076ab00000,0x000000076e2f8d30,0x000000076eb00000)
  from space 10752K, 0% used [0x000000076f580000,0x000000076f580000,0x0000000770000000)
  to   space 10752K, 0% used [0x000000076eb00000,0x000000076eb00000,0x000000076f580000)
 ParOldGen       total 175104K, used 0K [0x00000006c0000000, 0x00000006cab00000, 0x000000076ab00000)
  object space 175104K, 0% used [0x00000006c0000000,0x00000006c0000000,0x00000006cab00000)
 Metaspace       used 14865K, capacity 15558K, committed 15744K, reserved 1062912K
  class space    used 1969K, capacity 2154K, committed 2176K, reserved 1048576K

Card table byte_map: [0x000000010b562000,0x000000010bd63000] byte_map_base: 0x0000000107f62000

Marking Bits: (ParMarkBitMap*) 0x000000010aaf0d30
 Begin Bits: [0x000000010c2b9000, 0x00000001102b9000)
 End Bits:   [0x00000001102b9000, 0x00000001142b9000)

Polling page: 0x0000000109127000

CodeCache: size=245760Kb used=4916Kb max_used=4916Kb free=240843Kb
 bounds [0x0000000118f7e000, 0x000000011944e000, 0x0000000127f7e000]
 total_blobs=2193 nmethods=1563 adapters=543
 compilation: enabled

Compilation events (10 events):
Event: 9.737 Thread 0x00007f9abd000000 1560       3       java.lang.String::getBytes (27 bytes)
Event: 9.737 Thread 0x00007f9abd000000 nmethod 1560 0x0000000119446a50 code [0x0000000119446be0, 0x0000000119446e78]
Event: 9.737 Thread 0x00007f9abd000000 1561   !   3       java.lang.StringCoding::encode (120 bytes)
Event: 9.739 Thread 0x00007f9abd000000 nmethod 1561 0x0000000119446f90 code [0x00000001194472e0, 0x0000000119448d18]
Event: 9.739 Thread 0x00007f9abd000000 1562   !   3       java.lang.StringCoding$StringEncoder::encode (179 bytes)
Event: 9.740 Thread 0x00007f9abd000000 nmethod 1562 0x0000000119449bd0 code [0x0000000119449f40, 0x000000011944bbf8]
Event: 9.740 Thread 0x00007f9abd000000 1563       3       java.lang.StringCoding::access$300 (8 bytes)
Event: 9.740 Thread 0x00007f9abd000000 nmethod 1563 0x000000011944cd50 code [0x000000011944cf00, 0x000000011944d428]
Event: 9.741 Thread 0x00007f9abd000000 1564       3       java.lang.StringCoding::safeTrim (24 bytes)
Event: 9.741 Thread 0x00007f9abd000000 nmethod 1564 0x000000011944d690 code [0x000000011944d820, 0x000000011944dce8]

GC Heap History (0 events):
No events

Deoptimization events (10 events):
Event: 0.979 Thread 0x00007f9abc991800 Uncommon trap: reason=class_check action=maybe_recompile pc=0x00000001191fb8c4 method=java.io.DataInputStream.readShort()S @ 4
Event: 0.980 Thread 0x00007f9abc991800 Uncommon trap: reason=class_check action=maybe_recompile pc=0x00000001191fb8c4 method=java.io.DataInputStream.readShort()S @ 4
Event: 0.980 Thread 0x00007f9abc991800 Uncommon trap: reason=class_check action=maybe_recompile pc=0x00000001191fb8c4 method=java.io.DataInputStream.readShort()S @ 4
Event: 0.986 Thread 0x00007f9abc991800 Uncommon trap: reason=class_check action=maybe_recompile pc=0x000000011909f89c method=java.lang.String.equals(Ljava/lang/Object;)Z @ 8
Event: 0.986 Thread 0x00007f9abc991800 Uncommon trap: reason=class_check action=maybe_recompile pc=0x000000011909f89c method=java.lang.String.equals(Ljava/lang/Object;)Z @ 8
Event: 0.986 Thread 0x00007f9abc991800 Uncommon trap: reason=class_check action=maybe_recompile pc=0x000000011909f89c method=java.lang.String.equals(Ljava/lang/Object;)Z @ 8
Event: 0.992 Thread 0x00007f9abc991800 Uncommon trap: reason=class_check action=maybe_recompile pc=0x000000011909f89c method=java.lang.String.equals(Ljava/lang/Object;)Z @ 8
Event: 1.339 Thread 0x00007f9abc991800 Uncommon trap: reason=unstable_if action=reinterpret pc=0x00000001191c06e0 method=java.lang.CharacterData.of(I)Ljava/lang/CharacterData; @ 4
Event: 1.514 Thread 0x00007f9abc961000 Uncommon trap: reason=unstable_if action=reinterpret pc=0x0000000119256d94 method=sun.net.www.ParseUtil.encodePath(Ljava/lang/String;Z)Ljava/lang/String; @ 109
Event: 7.398 Thread 0x00007f9abc991800 Uncommon trap: reason=unstable_if action=reinterpret pc=0x00000001192a90f4 method=jdk.internal.org.objectweb.asm.Type.getArgumentsAndReturnSizes(Ljava/lang/String;)I @ 47

Internal exceptions (10 events):
Event: 0.317 Thread 0x00007f9aba003800 Exception <a 'java/security/PrivilegedActionException'> (0x000000076b3ab0a0) thrown at [/Users/java_re/workspace/8-2-build-macosx-x86_64/jdk8u121/8372/hotspot/src/share/vm/prims/jvm.cpp, line 1390]
Event: 0.317 Thread 0x00007f9aba003800 Exception <a 'java/lang/NullPointerException'> (0x000000076b3abcc0) thrown at [/Users/java_re/workspace/8-2-build-macosx-x86_64/jdk8u121/8372/hotspot/src/share/vm/interpreter/linkResolver.cpp, line 1178]
Event: 0.634 Thread 0x00007f9abc991800 Exception <a 'java/lang/NullPointerException'> (0x000000076c3489d0) thrown at [/Users/java_re/workspace/8-2-build-macosx-x86_64/jdk8u121/8372/hotspot/src/share/vm/interpreter/linkResolver.cpp, line 1178]
Event: 0.634 Thread 0x00007f9abc991800 Exception <a 'java/lang/NullPointerException'> (0x000000076c3489d0) thrown at [/Users/java_re/workspace/8-2-build-macosx-x86_64/jdk8u121/8372/hotspot/src/share/vm/prims/jvm.cpp, line 1394]
Event: 0.664 Thread 0x00007f9abc991800 Exception <a 'java/lang/ArrayIndexOutOfBoundsException': 78> (0x000000076c594df0) thrown at [/Users/java_re/workspace/8-2-build-macosx-x86_64/jdk8u121/8372/hotspot/src/share/vm/interpreter/interpreterRuntime.cpp, line 366]
Event: 0.665 Thread 0x00007f9abc991800 Exception <a 'java/lang/ArrayIndexOutOfBoundsException': 18> (0x000000076c599ad8) thrown at [/Users/java_re/workspace/8-2-build-macosx-x86_64/jdk8u121/8372/hotspot/src/share/vm/interpreter/interpreterRuntime.cpp, line 366]
Event: 0.665 Thread 0x00007f9abc991800 Exception <a 'java/lang/ArrayIndexOutOfBoundsException': 86> (0x000000076c59b980) thrown at [/Users/java_re/workspace/8-2-build-macosx-x86_64/jdk8u121/8372/hotspot/src/share/vm/interpreter/interpreterRuntime.cpp, line 366]
Event: 0.672 Thread 0x00007f9abc991800 Exception <a 'java/lang/ArrayIndexOutOfBoundsException'> (0x000000076c62ae88) thrown at [/Users/java_re/workspace/8-2-build-macosx-x86_64/jdk8u121/8372/hotspot/src/share/vm/runtime/sharedRuntime.cpp, line 605]
Event: 0.724 Thread 0x00007f9abc991800 Exception <a 'java/lang/ArrayIndexOutOfBoundsException'> (0x000000076c9fcc98) thrown at [/Users/java_re/workspace/8-2-build-macosx-x86_64/jdk8u121/8372/hotspot/src/share/vm/runtime/sharedRuntime.cpp, line 605]
Event: 0.740 Thread 0x00007f9abc991800 Implicit null exception at 0x000000011922888d to 0x0000000119228969

Events (10 events):
Event: 9.739 loading class java/lang/ProcessEnvironment$Variable
Event: 9.739 loading class java/lang/ProcessEnvironment$ExternalData
Event: 9.739 loading class java/lang/ProcessEnvironment$ExternalData done
Event: 9.739 loading class java/lang/ProcessEnvironment$Variable done
Event: 9.739 loading class java/lang/ProcessEnvironment$Value
Event: 9.739 loading class java/lang/ProcessEnvironment$Value done
Event: 9.739 loading class java/lang/ProcessEnvironment$StringEnvironment
Event: 9.739 loading class java/lang/ProcessEnvironment$StringEnvironment done
Event: 9.739 loading class java/util/Collections$UnmodifiableMap
Event: 9.740 loading class java/util/Collections$UnmodifiableMap done


Dynamic libraries:
0x000000001b9ce000 	/System/Library/Frameworks/Cocoa.framework/Versions/A/Cocoa
0x000000001b9ce000 	/System/Library/Frameworks/Security.framework/Versions/A/Security
0x000000001b9ce000 	/System/Library/Frameworks/ApplicationServices.framework/Versions/A/ApplicationServices
0x000000001b9ce000 	/usr/lib/libz.1.dylib
0x000000001b9ce000 	/usr/lib/libSystem.B.dylib
0x000000001b9ce000 	/usr/lib/libobjc.A.dylib
0x000000001b9ce000 	/System/Library/Frameworks/CoreFoundation.framework/Versions/A/CoreFoundation
0x000000001b9ce000 	/System/Library/Frameworks/Foundation.framework/Versions/C/Foundation
0x000000001b9ce000 	/System/Library/Frameworks/AppKit.framework/Versions/C/AppKit
0x000000001b9ce000 	/System/Library/Frameworks/CoreData.framework/Versions/A/CoreData
0x000000001b9ce000 	/System/Library/PrivateFrameworks/RemoteViewServices.framework/Versions/A/RemoteViewServices
0x000000001b9ce000 	/System/Library/PrivateFrameworks/UIFoundation.framework/Versions/A/UIFoundation
0x000000001b9ce000 	/System/Library/PrivateFrameworks/DFRFoundation.framework/Versions/A/DFRFoundation
0x000000001b9ce000 	/usr/lib/libenergytrace.dylib
0x000000001b9ce000 	/System/Library/PrivateFrameworks/SkyLight.framework/Versions/A/SkyLight
0x000000001b9ce000 	/System/Library/Frameworks/CoreGraphics.framework/Versions/A/CoreGraphics
0x000000001b9ce000 	/usr/lib/libScreenReader.dylib
0x000000001b9ce000 	/System/Library/Frameworks/Accelerate.framework/Versions/A/Accelerate
0x000000001b9ce000 	/System/Library/Frameworks/IOSurface.framework/Versions/A/IOSurface
0x000000001b9ce000 	/System/Library/Frameworks/AudioToolbox.framework/Versions/A/AudioToolbox
0x000000001b9ce000 	/System/Library/Frameworks/AudioUnit.framework/Versions/A/AudioUnit
0x000000001b9ce000 	/System/Library/PrivateFrameworks/DataDetectorsCore.framework/Versions/A/DataDetectorsCore
0x000000001b9ce000 	/System/Library/PrivateFrameworks/DesktopServicesPriv.framework/Versions/A/DesktopServicesPriv
0x000000001b9ce000 	/System/Library/Frameworks/Carbon.framework/Versions/A/Frameworks/HIToolbox.framework/Versions/A/HIToolbox
0x000000001b9ce000 	/usr/lib/libicucore.A.dylib
0x000000001b9ce000 	/System/Library/Frameworks/QuartzCore.framework/Versions/A/QuartzCore
0x000000001b9ce000 	/System/Library/Frameworks/Carbon.framework/Versions/A/Frameworks/SpeechRecognition.framework/Versions/A/SpeechRecognition
0x000000001b9ce000 	/usr/lib/libauto.dylib
0x000000001b9ce000 	/usr/lib/libxml2.2.dylib
0x000000001b9ce000 	/System/Library/PrivateFrameworks/CoreUI.framework/Versions/A/CoreUI
0x000000001b9ce000 	/System/Library/Frameworks/CoreAudio.framework/Versions/A/CoreAudio
0x000000001b9ce000 	/System/Library/Frameworks/DiskArbitration.framework/Versions/A/DiskArbitration
0x000000001b9ce000 	/usr/lib/liblangid.dylib
0x000000001b9ce000 	/System/Library/PrivateFrameworks/MultitouchSupport.framework/Versions/A/MultitouchSupport
0x000000001b9ce000 	/System/Library/Frameworks/IOKit.framework/Versions/A/IOKit
0x000000001b9ce000 	/usr/lib/libDiagnosticMessagesClient.dylib
0x000000001b9ce000 	/System/Library/Frameworks/CoreServices.framework/Versions/A/CoreServices
0x000000001b9ce000 	/System/Library/PrivateFrameworks/PerformanceAnalysis.framework/Versions/A/PerformanceAnalysis
0x000000001b9ce000 	/System/Library/PrivateFrameworks/GenerationalStorage.framework/Versions/A/GenerationalStorage
0x000000001b9ce000 	/System/Library/Frameworks/OpenGL.framework/Versions/A/OpenGL
0x000000001b9ce000 	/System/Library/Frameworks/CoreImage.framework/Versions/A/CoreImage
0x000000001b9ce000 	/System/Library/Frameworks/CoreText.framework/Versions/A/CoreText
0x000000001b9ce000 	/System/Library/Frameworks/ImageIO.framework/Versions/A/ImageIO
0x000000001b9ce000 	/System/Library/PrivateFrameworks/Backup.framework/Versions/A/Backup
0x000000001b9ce000 	/usr/lib/libarchive.2.dylib
0x000000001b9ce000 	/System/Library/Frameworks/CFNetwork.framework/Versions/A/CFNetwork
0x000000001b9ce000 	/System/Library/Frameworks/SystemConfiguration.framework/Versions/A/SystemConfiguration
0x000000001b9ce000 	/usr/lib/libCRFSuite.dylib
0x000000001b9ce000 	/usr/lib/libc++.1.dylib
0x000000001b9ce000 	/usr/lib/libc++abi.dylib
0x000000001b9ce000 	/usr/lib/system/libcache.dylib
0x000000001b9ce000 	/usr/lib/system/libcommonCrypto.dylib
0x000000001b9ce000 	/usr/lib/system/libcompiler_rt.dylib
0x000000001b9ce000 	/usr/lib/system/libcopyfile.dylib
0x000000001b9ce000 	/usr/lib/system/libcorecrypto.dylib
0x000000001b9ce000 	/usr/lib/system/libdispatch.dylib
0x000000001b9ce000 	/usr/lib/system/libdyld.dylib
0x000000001b9ce000 	/usr/lib/system/libkeymgr.dylib
0x000000001b9ce000 	/usr/lib/system/liblaunch.dylib
0x000000001b9ce000 	/usr/lib/system/libmacho.dylib
0x000000001b9ce000 	/usr/lib/system/libquarantine.dylib
0x000000001b9ce000 	/usr/lib/system/libremovefile.dylib
0x000000001b9ce000 	/usr/lib/system/libsystem_asl.dylib
0x000000001b9ce000 	/usr/lib/system/libsystem_blocks.dylib
0x000000001b9ce000 	/usr/lib/system/libsystem_c.dylib
0x000000001b9ce000 	/usr/lib/system/libsystem_configuration.dylib
0x000000001b9ce000 	/usr/lib/system/libsystem_coreservices.dylib
0x000000001b9ce000 	/usr/lib/system/libsystem_coretls.dylib
0x000000001b9ce000 	/usr/lib/system/libsystem_dnssd.dylib
0x000000001b9ce000 	/usr/lib/system/libsystem_info.dylib
0x000000001b9ce000 	/usr/lib/system/libsystem_kernel.dylib
0x000000001b9ce000 	/usr/lib/system/libsystem_m.dylib
0x000000001b9ce000 	/usr/lib/system/libsystem_malloc.dylib
0x000000001b9ce000 	/usr/lib/system/libsystem_network.dylib
0x000000001b9ce000 	/usr/lib/system/libsystem_networkextension.dylib
0x000000001b9ce000 	/usr/lib/system/libsystem_notify.dylib
0x000000001b9ce000 	/usr/lib/system/libsystem_platform.dylib
0x000000001b9ce000 	/usr/lib/system/libsystem_pthread.dylib
0x000000001b9ce000 	/usr/lib/system/libsystem_sandbox.dylib
0x000000001b9ce000 	/usr/lib/system/libsystem_secinit.dylib
0x000000001b9ce000 	/usr/lib/system/libsystem_symptoms.dylib
0x000000001b9ce000 	/usr/lib/system/libsystem_trace.dylib
0x000000001b9ce000 	/usr/lib/system/libunwind.dylib
0x000000001b9ce000 	/usr/lib/system/libxpc.dylib
0x000000001b9ce000 	/usr/lib/libbsm.0.dylib
0x000000001b9ce000 	/usr/lib/system/libkxld.dylib
0x000000001b9ce000 	/usr/lib/libcoretls.dylib
0x000000001b9ce000 	/usr/lib/libcoretls_cfhelpers.dylib
0x000000001b9ce000 	/usr/lib/libxar.1.dylib
0x000000001b9ce000 	/usr/lib/libsqlite3.dylib
0x000000001b9ce000 	/usr/lib/libpam.2.dylib
0x000000001b9ce000 	/usr/lib/libOpenScriptingUtil.dylib
0x000000001b9ce000 	/usr/lib/libbz2.1.0.dylib
0x000000001b9ce000 	/usr/lib/liblzma.5.dylib
0x000000001b9ce000 	/usr/lib/libnetwork.dylib
0x000000001b9ce000 	/usr/lib/libpcap.A.dylib
0x000000001b9ce000 	/System/Library/Frameworks/CoreServices.framework/Versions/A/Frameworks/FSEvents.framework/Versions/A/FSEvents
0x000000001b9ce000 	/System/Library/Frameworks/CoreServices.framework/Versions/A/Frameworks/CarbonCore.framework/Versions/A/CarbonCore
0x000000001b9ce000 	/System/Library/Frameworks/CoreServices.framework/Versions/A/Frameworks/Metadata.framework/Versions/A/Metadata
0x000000001b9ce000 	/System/Library/Frameworks/CoreServices.framework/Versions/A/Frameworks/OSServices.framework/Versions/A/OSServices
0x000000001b9ce000 	/System/Library/Frameworks/CoreServices.framework/Versions/A/Frameworks/SearchKit.framework/Versions/A/SearchKit
0x000000001b9ce000 	/System/Library/Frameworks/CoreServices.framework/Versions/A/Frameworks/AE.framework/Versions/A/AE
0x000000001b9ce000 	/System/Library/Frameworks/CoreServices.framework/Versions/A/Frameworks/LaunchServices.framework/Versions/A/LaunchServices
0x000000001b9ce000 	/System/Library/Frameworks/CoreServices.framework/Versions/A/Frameworks/DictionaryServices.framework/Versions/A/DictionaryServices
0x000000001b9ce000 	/System/Library/Frameworks/CoreServices.framework/Versions/A/Frameworks/SharedFileList.framework/Versions/A/SharedFileList
0x000000001b9ce000 	/System/Library/Frameworks/NetFS.framework/Versions/A/NetFS
0x000000001b9ce000 	/System/Library/PrivateFrameworks/NetAuth.framework/Versions/A/NetAuth
0x000000001b9ce000 	/System/Library/PrivateFrameworks/login.framework/Versions/A/Frameworks/loginsupport.framework/Versions/A/loginsupport
0x000000001b9ce000 	/System/Library/PrivateFrameworks/TCC.framework/Versions/A/TCC
0x000000001b9ce000 	/usr/lib/libmecabra.dylib
0x000000001b9ce000 	/System/Library/Frameworks/ApplicationServices.framework/Versions/A/Frameworks/ATS.framework/Versions/A/ATS
0x000000001b9ce000 	/System/Library/Frameworks/ApplicationServices.framework/Versions/A/Frameworks/ColorSync.framework/Versions/A/ColorSync
0x000000001b9ce000 	/System/Library/Frameworks/ApplicationServices.framework/Versions/A/Frameworks/HIServices.framework/Versions/A/HIServices
0x000000001b9ce000 	/System/Library/Frameworks/ApplicationServices.framework/Versions/A/Frameworks/LangAnalysis.framework/Versions/A/LangAnalysis
0x000000001b9ce000 	/System/Library/Frameworks/ApplicationServices.framework/Versions/A/Frameworks/PrintCore.framework/Versions/A/PrintCore
0x000000001b9ce000 	/System/Library/Frameworks/ApplicationServices.framework/Versions/A/Frameworks/QD.framework/Versions/A/QD
0x000000001b9ce000 	/System/Library/Frameworks/ApplicationServices.framework/Versions/A/Frameworks/SpeechSynthesis.framework/Versions/A/SpeechSynthesis
0x000000001b9ce000 	/System/Library/Frameworks/Accelerate.framework/Versions/A/Frameworks/vImage.framework/Versions/A/vImage
0x000000001b9ce000 	/System/Library/Frameworks/Accelerate.framework/Versions/A/Frameworks/vecLib.framework/Versions/A/vecLib
0x000000001b9ce000 	/System/Library/Frameworks/Accelerate.framework/Versions/A/Frameworks/vecLib.framework/Versions/A/libvDSP.dylib
0x000000001b9ce000 	/System/Library/Frameworks/Accelerate.framework/Versions/A/Frameworks/vecLib.framework/Versions/A/libBNNS.dylib
0x000000001b9ce000 	/System/Library/Frameworks/Accelerate.framework/Versions/A/Frameworks/vecLib.framework/Versions/A/libQuadrature.dylib
0x000000001b9ce000 	/System/Library/Frameworks/Accelerate.framework/Versions/A/Frameworks/vecLib.framework/Versions/A/libvMisc.dylib
0x000000001b9ce000 	/System/Library/Frameworks/Accelerate.framework/Versions/A/Frameworks/vecLib.framework/Versions/A/libLAPACK.dylib
0x000000001b9ce000 	/System/Library/Frameworks/Accelerate.framework/Versions/A/Frameworks/vecLib.framework/Versions/A/libBLAS.dylib
0x000000001b9ce000 	/System/Library/Frameworks/Accelerate.framework/Versions/A/Frameworks/vecLib.framework/Versions/A/libLinearAlgebra.dylib
0x000000001b9ce000 	/System/Library/Frameworks/Accelerate.framework/Versions/A/Frameworks/vecLib.framework/Versions/A/libSparseBLAS.dylib
0x000000001b9ce000 	/System/Library/Frameworks/ApplicationServices.framework/Versions/A/Frameworks/ATS.framework/Versions/A/Resources/libFontParser.dylib
0x000000001b9ce000 	/System/Library/Frameworks/ApplicationServices.framework/Versions/A/Frameworks/ATS.framework/Versions/A/Resources/libFontRegistry.dylib
0x000000001b9ce000 	/System/Library/Frameworks/ImageIO.framework/Versions/A/Resources/libJPEG.dylib
0x000000001b9ce000 	/System/Library/Frameworks/ImageIO.framework/Versions/A/Resources/libTIFF.dylib
0x000000001b9ce000 	/System/Library/Frameworks/ImageIO.framework/Versions/A/Resources/libPng.dylib
0x000000001b9ce000 	/System/Library/Frameworks/ImageIO.framework/Versions/A/Resources/libGIF.dylib
0x000000001b9ce000 	/System/Library/Frameworks/ImageIO.framework/Versions/A/Resources/libJP2.dylib
0x000000001b9ce000 	/System/Library/Frameworks/ImageIO.framework/Versions/A/Resources/libRadiance.dylib
0x000000001b9ce000 	/usr/lib/libcompression.dylib
0x000000001b9ce000 	/System/Library/PrivateFrameworks/AppleJPEG.framework/Versions/A/AppleJPEG
0x000000001b9ce000 	/usr/lib/libcups.2.dylib
0x000000001b9ce000 	/System/Library/Frameworks/Kerberos.framework/Versions/A/Kerberos
0x000000001b9ce000 	/System/Library/Frameworks/GSS.framework/Versions/A/GSS
0x000000001b9ce000 	/usr/lib/libresolv.9.dylib
0x000000001b9ce000 	/usr/lib/libiconv.2.dylib
0x000000001b9ce000 	/System/Library/PrivateFrameworks/Heimdal.framework/Versions/A/Heimdal
0x000000001b9ce000 	/usr/lib/libheimdal-asn1.dylib
0x000000001b9ce000 	/System/Library/Frameworks/OpenDirectory.framework/Versions/A/OpenDirectory
0x000000001b9ce000 	/System/Library/PrivateFrameworks/CommonAuth.framework/Versions/A/CommonAuth
0x000000001b9ce000 	/System/Library/Frameworks/OpenDirectory.framework/Versions/A/Frameworks/CFOpenDirectory.framework/Versions/A/CFOpenDirectory
0x000000001b9ce000 	/System/Library/Frameworks/SecurityFoundation.framework/Versions/A/SecurityFoundation
0x000000001b9ce000 	/System/Library/PrivateFrameworks/LanguageModeling.framework/Versions/A/LanguageModeling
0x000000001b9ce000 	/usr/lib/libmarisa.dylib
0x000000001b9ce000 	/usr/lib/libChineseTokenizer.dylib
0x000000001b9ce000 	/usr/lib/libcmph.dylib
0x000000001b9ce000 	/System/Library/PrivateFrameworks/CoreEmoji.framework/Versions/A/CoreEmoji
0x000000001b9ce000 	/System/Library/Frameworks/ServiceManagement.framework/Versions/A/ServiceManagement
0x000000001b9ce000 	/usr/lib/libxslt.1.dylib
0x000000001b9ce000 	/System/Library/Frameworks/Carbon.framework/Versions/A/Frameworks/Ink.framework/Versions/A/Ink
0x000000001b9ce000 	/System/Library/PrivateFrameworks/TextureIO.framework/Versions/A/TextureIO
0x000000001b9ce000 	/System/Library/Frameworks/Metal.framework/Versions/A/Metal
0x000000001b9ce000 	/usr/lib/libate.dylib
0x000000001b9ce000 	/System/Library/PrivateFrameworks/GPUCompiler.framework/libmetal_timestamp.dylib
0x000000001b9ce000 	/System/Library/Frameworks/OpenGL.framework/Versions/A/Libraries/libCoreFSCache.dylib
0x000000001b9ce000 	/System/Library/PrivateFrameworks/IOAccelerator.framework/Versions/A/IOAccelerator
0x000000001b9ce000 	/System/Library/Frameworks/CoreVideo.framework/Versions/A/CoreVideo
0x000000001b9ce000 	/usr/lib/libFosl_dynamic.dylib
0x000000001b9ce000 	/System/Library/PrivateFrameworks/MetalPerformanceShaders.framework/Versions/A/MetalPerformanceShaders
0x000000001b9ce000 	/System/Library/PrivateFrameworks/FaceCore.framework/Versions/A/FaceCore
0x000000001b9ce000 	/System/Library/Frameworks/OpenCL.framework/Versions/A/OpenCL
0x000000001b9ce000 	/System/Library/Frameworks/OpenGL.framework/Versions/A/Libraries/libGLU.dylib
0x000000001b9ce000 	/System/Library/Frameworks/OpenGL.framework/Versions/A/Libraries/libGFXShared.dylib
0x000000001b9ce000 	/System/Library/Frameworks/OpenGL.framework/Versions/A/Libraries/libGL.dylib
0x000000001b9ce000 	/System/Library/Frameworks/OpenGL.framework/Versions/A/Libraries/libGLImage.dylib
0x000000001b9ce000 	/System/Library/Frameworks/OpenGL.framework/Versions/A/Libraries/libCVMSPluginSupport.dylib
0x000000001b9ce000 	/System/Library/Frameworks/OpenGL.framework/Versions/A/Libraries/libCoreVMClient.dylib
0x000000001b9ce000 	/System/Library/PrivateFrameworks/CrashReporterSupport.framework/Versions/A/CrashReporterSupport
0x000000001b9ce000 	/System/Library/PrivateFrameworks/Sharing.framework/Versions/A/Sharing
0x000000001b9ce000 	/System/Library/PrivateFrameworks/IconServices.framework/Versions/A/IconServices
0x000000001b9ce000 	/System/Library/PrivateFrameworks/ProtocolBuffer.framework/Versions/A/ProtocolBuffer
0x000000001b9ce000 	/System/Library/PrivateFrameworks/Apple80211.framework/Versions/A/Apple80211
0x000000001b9ce000 	/System/Library/Frameworks/CoreWLAN.framework/Versions/A/CoreWLAN
0x000000001b9ce000 	/System/Library/PrivateFrameworks/CoreUtils.framework/Versions/A/CoreUtils
0x000000001b9ce000 	/System/Library/Frameworks/IOBluetooth.framework/Versions/A/IOBluetooth
0x000000001b9ce000 	/System/Library/PrivateFrameworks/CoreWiFi.framework/Versions/A/CoreWiFi
0x000000001b9ce000 	/System/Library/Frameworks/CoreBluetooth.framework/Versions/A/CoreBluetooth
0x000000001b9ce000 	/System/Library/Frameworks/CoreDisplay.framework/Versions/A/CoreDisplay
0x000000001b9ce000 	/System/Library/PrivateFrameworks/IOPresentment.framework/Versions/A/IOPresentment
0x000000001b9ce000 	/System/Library/PrivateFrameworks/DebugSymbols.framework/Versions/A/DebugSymbols
0x000000001b9ce000 	/System/Library/PrivateFrameworks/CoreSymbolication.framework/Versions/A/CoreSymbolication
0x000000001b9ce000 	/System/Library/PrivateFrameworks/Symbolication.framework/Versions/A/Symbolication
0x000000001b9ce000 	/System/Library/PrivateFrameworks/AppleFSCompression.framework/Versions/A/AppleFSCompression
0x000000001b9ce000 	/System/Library/PrivateFrameworks/SpeechRecognitionCore.framework/Versions/A/SpeechRecognitionCore
0x000000001b9ce000 	/System/Library/PrivateFrameworks/ChunkingLibrary.framework/Versions/A/ChunkingLibrary
0x000000004edae000 	/System/Library/CoreServices/Encodings/libCyrillicConverter.dylib
0x000000010a200000 	/Library/Java/JavaVirtualMachines/jdk1.8.0_121.jdk/Contents/Home/jre/lib/server/libjvm.dylib
0x000000001b9ce000 	/usr/lib/libstdc++.6.dylib
0x00000001090e4000 	/Library/Java/JavaVirtualMachines/jdk1.8.0_121.jdk/Contents/Home/jre/lib/libverify.dylib
0x00000001090f2000 	/Library/Java/JavaVirtualMachines/jdk1.8.0_121.jdk/Contents/Home/jre/lib/libjava.dylib
0x0000000109128000 	/Library/Java/JavaVirtualMachines/jdk1.8.0_121.jdk/Contents/Home/jre/lib/libinstrument.dylib
0x0000000109186000 	/Library/Java/JavaVirtualMachines/jdk1.8.0_121.jdk/Contents/Home/jre/lib/libzip.dylib
0x00000001171c0000 	/System/Library/Frameworks/JavaVM.framework/Frameworks/JavaRuntimeSupport.framework/JavaRuntimeSupport
0x00000001171da000 	/System/Library/Frameworks/JavaVM.framework/Versions/A/Frameworks/JavaNativeFoundation.framework/Versions/A/JavaNativeFoundation
0x00000001171ef000 	/System/Library/Frameworks/JavaVM.framework/Versions/A/JavaVM
0x000000001b9ce000 	/System/Library/Frameworks/Carbon.framework/Versions/A/Carbon
0x00000001171fc000 	/System/Library/PrivateFrameworks/JavaLaunching.framework/Versions/A/JavaLaunching
0x000000001b9ce000 	/System/Library/Frameworks/Carbon.framework/Versions/A/Frameworks/CommonPanels.framework/Versions/A/CommonPanels
0x000000001b9ce000 	/System/Library/Frameworks/Carbon.framework/Versions/A/Frameworks/Help.framework/Versions/A/Help
0x000000001b9ce000 	/System/Library/Frameworks/Carbon.framework/Versions/A/Frameworks/ImageCapture.framework/Versions/A/ImageCapture
0x000000001b9ce000 	/System/Library/Frameworks/Carbon.framework/Versions/A/Frameworks/OpenScripting.framework/Versions/A/OpenScripting
0x000000001b9ce000 	/System/Library/Frameworks/Carbon.framework/Versions/A/Frameworks/Print.framework/Versions/A/Print
0x000000001b9ce000 	/System/Library/Frameworks/Carbon.framework/Versions/A/Frameworks/SecurityHI.framework/Versions/A/SecurityHI
0x0000000118d2f000 	/Library/Java/JavaVirtualMachines/jdk1.8.0_121.jdk/Contents/Home/jre/lib/libnet.dylib
0x0000000118e24000 	/Library/Java/JavaVirtualMachines/jdk1.8.0_121.jdk/Contents/Home/jre/lib/libprism_es2.dylib
0x000000001b9ce000 	/System/Library/Frameworks/OpenGL.framework/Versions/A/Resources/GLEngine.bundle/GLEngine
0x000000001b9ce000 	/System/Library/Frameworks/OpenGL.framework/Versions/A/Libraries/libGLProgrammability.dylib
0x0000000127f7e000 	/System/Library/Extensions/AppleIntelSKLGraphicsGLDriver.bundle/Contents/MacOS/AppleIntelSKLGraphicsGLDriver
0x000000001b9ce000 	/System/Library/PrivateFrameworks/GPUSupport.framework/Versions/A/Libraries/libGPUSupportMercury.dylib
0x0000000128d2c000 	/System/Library/Extensions/AMDRadeonX4000GLDriver.bundle/Contents/MacOS/AMDRadeonX4000GLDriver
0x0000000128e0a000 	/System/Library/Extensions/AMDRadeonX4000GLDriver.bundle/Contents/MacOS/ATIRadeonX4000SCLib.dylib
0x000000001b9ce000 	/System/Library/Frameworks/OpenGL.framework/Versions/A/Resources/GLRendererFloat.bundle/GLRendererFloat
0x000000001b9ce000 	/System/Library/Frameworks/OpenCL.framework/Versions/A/Libraries/libcldcpuengine.dylib
0x000000001b9ce000 	/usr/lib/libcrypto.0.9.8.dylib
0x000000001b9ce000 	/System/Library/PrivateFrameworks/TrustEvaluationAgent.framework/Versions/A/TrustEvaluationAgent
0x000000012939d000 	/Library/Java/JavaVirtualMachines/jdk1.8.0_121.jdk/Contents/Home/jre/lib/libglass.dylib
0x000000001b9ce000 	/System/Library/PrivateFrameworks/CoreServicesInternal.framework/Versions/A/CoreServicesInternal
0x000000001b9ce000 	/System/Library/CoreServices/RawCamera.bundle/Contents/MacOS/RawCamera
0x000000001b9ce000 	/System/Library/Frameworks/Accelerate.framework/Versions/A/Frameworks/vImage.framework/Versions/A/Libraries/libCGInterfaces.dylib
0x000000001b9ce000 	/System/Library/PrivateFrameworks/FamilyControls.framework/Versions/A/FamilyControls
0x000000001b9ce000 	/System/Library/PrivateFrameworks/CommerceKit.framework/Versions/A/Frameworks/CommerceCore.framework/Versions/A/CommerceCore
0x000000001b9ce000 	/System/Library/PrivateFrameworks/SystemAdministration.framework/Versions/A/SystemAdministration
0x000000001b9ce000 	/System/Library/PrivateFrameworks/AppContainer.framework/Versions/A/AppContainer
0x000000001b9ce000 	/System/Library/PrivateFrameworks/SecCodeWrapper.framework/Versions/A/SecCodeWrapper
0x000000001b9ce000 	/System/Library/Frameworks/DirectoryService.framework/Versions/A/DirectoryService
0x000000001b9ce000 	/System/Library/PrivateFrameworks/DiskImages.framework/Versions/A/DiskImages
0x000000001b9ce000 	/System/Library/PrivateFrameworks/LoginUIKit.framework/Versions/A/Frameworks/LoginUICore.framework/Versions/A/LoginUICore
0x000000001b9ce000 	/usr/lib/libCoreStorage.dylib
0x000000001b9ce000 	/usr/lib/libcsfde.dylib
0x000000001b9ce000 	/usr/lib/libodfde.dylib
0x000000001b9ce000 	/System/Library/Frameworks/DiscRecording.framework/Versions/A/DiscRecording
0x000000001b9ce000 	/usr/lib/libcurl.4.dylib
0x000000001b9ce000 	/System/Library/PrivateFrameworks/MediaKit.framework/Versions/A/MediaKit
0x000000001b9ce000 	/System/Library/PrivateFrameworks/ProtectedCloudStorage.framework/Versions/A/ProtectedCloudStorage
0x000000001b9ce000 	/System/Library/PrivateFrameworks/EFILogin.framework/Versions/A/EFILogin
0x000000001b9ce000 	/usr/lib/libutil.dylib
0x000000001b9ce000 	/System/Library/Frameworks/LDAP.framework/Versions/A/LDAP
0x000000001b9ce000 	/usr/lib/libsasl2.2.dylib
0x000000001b9ce000 	/System/Library/PrivateFrameworks/CoreDaemon.framework/Versions/B/CoreDaemon
0x000000001b9ce000 	/System/Library/PrivateFrameworks/AppleSRP.framework/Versions/A/AppleSRP
0x000000001b9ce000 	/System/Library/PrivateFrameworks/APFS.framework/Versions/A/APFS
0x000000012c7ac000 	/Library/Java/JavaVirtualMachines/jdk1.8.0_121.jdk/Contents/Home/jre/lib/libjavafx_font.dylib
0x000000001b9ce000 	/System/Library/Frameworks/ApplicationServices.framework/Versions/A/Frameworks/ATS.framework/Versions/A/Resources/libTrueTypeScaler.dylib
0x000000012fea9000 	/Library/Java/JavaVirtualMachines/jdk1.8.0_121.jdk/Contents/Home/jre/lib/libprism_common.dylib
0x000000001b9ce000 	/System/Library/Extensions/AMDMTLBronzeDriver.bundle/Contents/MacOS/AMDMTLBronzeDriver
0x000000001b9ce000 	/System/Library/PrivateFrameworks/IOAccelMemoryInfo.framework/Versions/A/IOAccelMemoryInfo
0x000000012ff20000 	/System/Library/Extensions/AppleIntelSKLGraphicsMTLDriver.bundle/Contents/MacOS/AppleIntelSKLGraphicsMTLDriver
0x000000001b9ce000 	/System/Library/PrivateFrameworks/ViewBridge.framework/Versions/A/ViewBridge
0x000000001b9ce000 	/System/Library/PrivateFrameworks/XPCService.framework/Versions/A/XPCService
0x000000001b9ce000 	/System/Library/PrivateFrameworks/AppSandbox.framework/Versions/A/AppSandbox
0x000000001b9ce000 	/usr/lib/libsandbox.1.dylib
0x000000001b9ce000 	/usr/lib/libMatch.1.dylib
0x000000012d7e9000 	/Library/Java/JavaVirtualMachines/jdk1.8.0_121.jdk/Contents/Home/jre/lib/libawt.dylib
0x000000012daa6000 	/Library/Java/JavaVirtualMachines/jdk1.8.0_121.jdk/Contents/Home/jre/lib/./libmlib_image.dylib
0x000000012db72000 	/Library/Java/JavaVirtualMachines/jdk1.8.0_121.jdk/Contents/Home/jre/lib/libawt_lwawt.dylib
0x000000012a2dd000 	/Library/Java/JavaVirtualMachines/jdk1.8.0_121.jdk/Contents/Home/jre/lib/./libosxapp.dylib
0x000000001b9ce000 	/System/Library/Frameworks/ExceptionHandling.framework/Versions/A/ExceptionHandling

VM Arguments:
jvm_args: -javaagent:/Applications/IntelliJ IDEA.app/Contents/lib/idea_rt.jar=56149:/Applications/IntelliJ IDEA.app/Contents/bin -Dfile.encoding=UTF-8 
java_command: sample.start.Main
java_class_path (initial): /Library/Java/JavaVirtualMachines/jdk1.8.0_121.jdk/Contents/Home/jre/lib/charsets.jar:/Library/Java/JavaVirtualMachines/jdk1.8.0_121.jdk/Contents/Home/jre/lib/deploy.jar:/Library/Java/JavaVirtualMachines/jdk1.8.0_121.jdk/Contents/Home/jre/lib/ext/cldrdata.jar:/Library/Java/JavaVirtualMachines/jdk1.8.0_121.jdk/Contents/Home/jre/lib/ext/dnsns.jar:/Library/Java/JavaVirtualMachines/jdk1.8.0_121.jdk/Contents/Home/jre/lib/ext/jaccess.jar:/Library/Java/JavaVirtualMachines/jdk1.8.0_121.jdk/Contents/Home/jre/lib/ext/jfxrt.jar:/Library/Java/JavaVirtualMachines/jdk1.8.0_121.jdk/Contents/Home/jre/lib/ext/localedata.jar:/Library/Java/JavaVirtualMachines/jdk1.8.0_121.jdk/Contents/Home/jre/lib/ext/nashorn.jar:/Library/Java/JavaVirtualMachines/jdk1.8.0_121.jdk/Contents/Home/jre/lib/ext/sunec.jar:/Library/Java/JavaVirtualMachines/jdk1.8.0_121.jdk/Contents/Home/jre/lib/ext/sunjce_provider.jar:/Library/Java/JavaVirtualMachines/jdk1.8.0_121.jdk/Contents/Home/jre/lib/ext/sunpkcs11.jar:/Library/Java/JavaVirtualMachines/jdk1.8.0_121.jdk/Contents/Home/jre/lib/ext/zipfs.jar:/Library/Java/JavaVirtualMachines/jdk1.8.0_121.jdk/Contents/Home/jre/lib/javaws.jar:/Library/Java/JavaVirtualMachines/jdk1.8.0_121.jdk/Contents/Home/jre/lib/jce.jar:/Library/Java/JavaVirtualMachines/jdk1.8.0_121.jdk/Contents/Home/jre/lib/jfr.jar:/Library/Java/JavaVirtualMachines/jdk1.8.0_121.jdk/Contents/Home/jre/lib/jfxswt.jar:/Library/Java/JavaVirtualMachines/jdk1.8.0_121.jdk/Contents/Home/jre/lib/jsse.jar:/Library/Java/JavaVirtualMachines/jdk1.8.0_121.jdk/Contents/Home/jre/lib/management-agent.jar:/Library/Java/JavaVirtualMachines/jdk1.8.0_121.jdk/Contents/Home/jre/lib/plugin.jar:/Library/Java/JavaVirtualMachines/jdk1.8.0_121.jdk/Contents/Home/jre/lib/resources.jar:/Library/Java/JavaVirtualMachines/jdk1.8.0_121.jdk/Contents/Home/jre/lib/rt.jar:/Library/Java/JavaVirtualMachines/jdk1.8.0_121.jdk/Contents/Home/lib/ant-javafx.jar:/Library/Java/JavaVirtualMachines/jdk1.8.0_121.jdk/Contents/Home
Launcher Type: SUN_STANDARD

Environment Variables:
PATH=/opt/local/bin:/opt/local/sbin:/usr/local/bin:/usr/bin:/bin:/usr/sbin:/sbin
SHELL=/bin/bash

Signal Handlers:
SIGSEGV: [libjvm.dylib+0x5b1141], sa_mask[0]=11111111011111110111111111111111, sa_flags=SA_ONSTACK|SA_RESTART|SA_SIGINFO
SIGBUS: [libjvm.dylib+0x5b1141], sa_mask[0]=11111111011111110111111111111111, sa_flags=SA_RESTART|SA_SIGINFO
SIGFPE: [libjvm.dylib+0x487bc4], sa_mask[0]=11111111011111110111111111111111, sa_flags=SA_RESTART|SA_SIGINFO
SIGPIPE: [libjvm.dylib+0x487bc4], sa_mask[0]=11111111011111110111111111111111, sa_flags=SA_RESTART|SA_SIGINFO
SIGXFSZ: [libjvm.dylib+0x487bc4], sa_mask[0]=11111111011111110111111111111111, sa_flags=SA_RESTART|SA_SIGINFO
SIGILL: [libjvm.dylib+0x487bc4], sa_mask[0]=11111111011111110111111111111111, sa_flags=SA_RESTART|SA_SIGINFO
SIGUSR1: SIG_DFL, sa_mask[0]=00000000000000000000000000000000, sa_flags=none
SIGUSR2: [libjvm.dylib+0x4876e2], sa_mask[0]=00100000000000000000000000000000, sa_flags=SA_RESTART|SA_SIGINFO
SIGHUP: [libjvm.dylib+0x485cb9], sa_mask[0]=11111111011111110111111111111111, sa_flags=SA_RESTART|SA_SIGINFO
SIGINT: [libjvm.dylib+0x485cb9], sa_mask[0]=11111111011111110111111111111111, sa_flags=SA_RESTART|SA_SIGINFO
SIGTERM: [libjvm.dylib+0x485cb9], sa_mask[0]=11111111011111110111111111111111, sa_flags=SA_RESTART|SA_SIGINFO
SIGQUIT: [libjvm.dylib+0x485cb9], sa_mask[0]=11111111011111110111111111111111, sa_flags=SA_RESTART|SA_SIGINFO


---------------  S Y S T E M  ---------------

OS:Bsduname:Darwin 16.4.0 Darwin Kernel Version 16.4.0: Thu Dec 22 22:53:21 PST 2016; root:xnu-3789.41.3~3/RELEASE_X86_64 x86_64
rlimit: STACK 8192k, CORE 0k, NPROC 709, NOFILE 10240, AS infinity
load average:2.87 2.60 2.37

CPU:total 8 (4 cores per cpu, 2 threads per core) family 6 model 94 stepping 3, cmov, cx8, fxsr, mmx, sse, sse2, sse3, ssse3, sse4.1, sse4.2, popcnt, avx, avx2, aes, clmul, erms, rtm, 3dnowpref, lzcnt, ht, tsc, tscinvbit, bmi1, bmi2, adx

Memory: 4k page, physical 16777216k(3029048k free)

/proc/meminfo:


vm_info: Java HotSpot(TM) 64-Bit Server VM (25.121-b13) for bsd-amd64 JRE (1.8.0_121-b13), built on Dec 12 2016 20:39:32 by "java_re" with gcc 4.2.1 (Based on Apple Inc. build 5658) (LLVM build 2336.11.00)

time: Sat Jul 22 01:50:40 2017
elapsed time: 9 seconds (0d 0h 0m 9s)

